<?xml version="1.0" encoding="UTF-8"?>
<!-- Generated by org.testng.reporters.JUnitXMLReporter -->
<testsuite hostname="LAPTOP-PL1SP9GH" ignored="0" name="Default test" tests="6" failures="0" timestamp="2020-06-21T16:39:50 EDT" time="28.942" errors="0">
  <testcase name="verifyMainPageTitle" time="1.166" classname="sanity.AppLoadingTest"/>
  <testcase name="verifyAdventourtourspage" time="6.96" classname="sanity.AppLoadingTest"/>
  <testcase name="verifyContactUS" time="7.023" classname="sanity.AppLoadingTest"/>
  <testcase name="verifyFAQs" time="4.473" classname="sanity.AppLoadingTest"/>
  <testcase name="verifySignIn" time="1.732" classname="sanity.AppLoadingTest"/>
  <testcase name="verifyTravelEssentials" time="1.548" classname="sanity.AppLoadingTest"/>
</testsuite> <!-- Default test -->
