<?xml version="1.0" encoding="UTF-8"?>
<testng-results skipped="0" failed="0" ignored="0" total="6" passed="6">
  <reporter-output>
  </reporter-output>
  <suite name="Default suite" duration-ms="28942" started-at="2020-06-21T16:39:21 EDT" finished-at="2020-06-21T16:39:50 EDT">
    <groups>
    </groups>
    <test name="Default test" duration-ms="28942" started-at="2020-06-21T16:39:21 EDT" finished-at="2020-06-21T16:39:50 EDT">
      <class name="sanity.AppLoadingTest">
        <test-method status="PASS" signature="openBrowser()[pri:0, instance:sanity.AppLoadingTest@791f145a]" name="openBrowser" is-config="true" duration-ms="5535" started-at="2020-06-21T16:39:21 EDT" finished-at="2020-06-21T16:39:27 EDT">
          <reporter-output>
          </reporter-output>
        </test-method> <!-- openBrowser -->
        <test-method status="PASS" signature="verifyMainPageTitle()[pri:0, instance:sanity.AppLoadingTest@791f145a]" name="verifyMainPageTitle" duration-ms="1166" started-at="2020-06-21T16:39:27 EDT" finished-at="2020-06-21T16:39:28 EDT">
          <reporter-output>
          </reporter-output>
        </test-method> <!-- verifyMainPageTitle -->
        <test-method status="PASS" signature="verifyAdventourtourspage()[pri:1, instance:sanity.AppLoadingTest@791f145a]" name="verifyAdventourtourspage" duration-ms="6960" started-at="2020-06-21T16:39:28 EDT" finished-at="2020-06-21T16:39:35 EDT">
          <reporter-output>
          </reporter-output>
        </test-method> <!-- verifyAdventourtourspage -->
        <test-method status="PASS" signature="verifyContactUS()[pri:2, instance:sanity.AppLoadingTest@791f145a]" name="verifyContactUS" duration-ms="7023" started-at="2020-06-21T16:39:35 EDT" finished-at="2020-06-21T16:39:42 EDT">
          <reporter-output>
          </reporter-output>
        </test-method> <!-- verifyContactUS -->
        <test-method status="PASS" signature="verifyFAQs()[pri:3, instance:sanity.AppLoadingTest@791f145a]" name="verifyFAQs" duration-ms="4473" started-at="2020-06-21T16:39:42 EDT" finished-at="2020-06-21T16:39:47 EDT">
          <reporter-output>
          </reporter-output>
        </test-method> <!-- verifyFAQs -->
        <test-method status="PASS" signature="verifySignIn()[pri:4, instance:sanity.AppLoadingTest@791f145a]" name="verifySignIn" duration-ms="1732" started-at="2020-06-21T16:39:47 EDT" finished-at="2020-06-21T16:39:49 EDT">
          <reporter-output>
          </reporter-output>
        </test-method> <!-- verifySignIn -->
        <test-method status="PASS" signature="verifyTravelEssentials()[pri:4, instance:sanity.AppLoadingTest@791f145a]" name="verifyTravelEssentials" duration-ms="1548" started-at="2020-06-21T16:39:49 EDT" finished-at="2020-06-21T16:39:50 EDT">
          <reporter-output>
          </reporter-output>
        </test-method> <!-- verifyTravelEssentials -->
      </class> <!-- sanity.AppLoadingTest -->
    </test> <!-- Default test -->
  </suite> <!-- Default suite -->
</testng-results>
